<?xml version="1.0" encoding="UTF-8"?>
<!-- Generated by org.testng.reporters.JUnitXMLReporter -->
<testsuite hostname="XE-GGN-IT-01250" name="Make My Trip Functionality" tests="2" failures="0" timestamp="21 Jan 2020 13:22:21 GMT" time="87.045" errors="0">
  <testcase name="loginwithValidData" time="28.84" classname="com.makemytrip.tests.LoginTest"/>
  <testcase name="getRoundTripStudentFareOfFlight" time="8.703" classname="com.makemytrip.tests.GetRoundTripStudentFareTest"/>
</testsuite> <!-- Make My Trip Functionality -->
